c:\users\ichibahn\documents\github\flappyandy\sfml\debug\vc140.pdb
c:\users\ichibahn\documents\github\flappy-andy\sfml\debug\vc140.pdb
c:\users\ichibahn\documents\github\flappy-andy - copy\sfml\debug\vc140.pdb
c:\users\ichibahn\documents\github\flappy-andy - copy\sfml\debug\vc140.idb
c:\users\ichibahn\documents\github\flappy-andy - copy\sfml\debug\andy.obj
c:\users\ichibahn\documents\github\flappy-andy - copy\sfml\debug\createsprite.obj
c:\users\ichibahn\documents\github\flappy-andy - copy\sfml\debug\flappyandy.obj
c:\users\ichibahn\documents\github\flappy-andy - copy\sfml\debug\main.obj
c:\users\ichibahn\documents\github\flappy-andy - copy\sfml\debug\pipe.obj
c:\users\ichibahn\documents\github\flappy-andy - copy\sfml\debug\points.obj
c:\users\ichibahn\documents\github\flappy-andy - copy\sfml\debug\rules.obj
c:\users\ichibahn\documents\github\flappy-andy - copy\sfml\debug\network.obj
c:\users\ichibahn\documents\github\flappyandy\sfml\debug\sfml.ilk
c:\users\ichibahn\documents\github\flappyandy\sfml\debug\sfml.exe
c:\users\ichibahn\documents\github\flappyandy\sfml\debug\sfml.pdb
c:\users\ichibahn\documents\github\flappy-andy\sfml\debug\sfml.ilk
c:\users\ichibahn\documents\github\flappy-andy\sfml\debug\sfml.exe
c:\users\ichibahn\documents\github\flappy-andy\sfml\debug\sfml.pdb
c:\users\ichibahn\documents\github\flappy-andy - copy\sfml\debug\sfml.ilk
c:\users\ichibahn\documents\github\flappy-andy - copy\sfml\debug\sfml.exe
c:\users\ichibahn\documents\github\flappy-andy - copy\sfml\debug\sfml.pdb
c:\users\ichibahn\documents\github\flappy-andy - copy\sfml\debug\sfml.tlog\cl.command.1.tlog
c:\users\ichibahn\documents\github\flappy-andy - copy\sfml\debug\sfml.tlog\cl.read.1.tlog
c:\users\ichibahn\documents\github\flappy-andy - copy\sfml\debug\sfml.tlog\cl.write.1.tlog
c:\users\ichibahn\documents\github\flappy-andy - copy\sfml\debug\sfml.tlog\link.command.1.tlog
c:\users\ichibahn\documents\github\flappy-andy - copy\sfml\debug\sfml.tlog\link.read.1.tlog
c:\users\ichibahn\documents\github\flappy-andy - copy\sfml\debug\sfml.tlog\link.write.1.tlog
